# JRE version: Java(TM) SE Runtime Environment (8.0_121-b13) (build 1.8.0_121-b13)
# Java VM: Java HotSpot(TM) 64-Bit Server VM (25.121-b13 mixed mode linux-amd64 compressed oops)
Heap:
 PSYoungGen      total 64000K, used 6652K [0x00000000ee500000, 0x00000000f2a00000, 0x0000000100000000)
  eden space 57344K, 0% used [0x00000000ee500000,0x00000000ee500000,0x00000000f1d00000)
  from space 6656K, 99% used [0x00000000f1d00000,0x00000000f237f018,0x00000000f2380000)
  to   space 6144K, 0% used [0x00000000f2400000,0x00000000f2400000,0x00000000f2a00000)
 ParOldGen       total 32256K, used 7732K [0x00000000cae00000, 0x00000000ccd80000, 0x00000000ee500000)
  object space 32256K, 23% used [0x00000000cae00000,0x00000000cb58d278,0x00000000ccd80000)
 Metaspace       used 27860K, capacity 28150K, committed 28672K, reserved 1075200K
  class space    used 3707K, capacity 3806K, committed 3840K, reserved 1048576K
GC Heap History (10 events):
Event: 1,415 GC heap after
Heap after GC invocations=3 (full 0):
 PSYoungGen      total 16384K, used 2028K [0x00000000ee500000, 0x00000000f0500000, 0x0000000100000000)
  eden space 14336K, 0% used [0x00000000ee500000,0x00000000ee500000,0x00000000ef300000)
  from space 2048K, 99% used [0x00000000ef300000,0x00000000ef4fb378,0x00000000ef500000)
  to   space 2048K, 0% used [0x00000000f0300000,0x00000000f0300000,0x00000000f0500000)
 ParOldGen       total 36864K, used 1311K [0x00000000cae00000, 0x00000000cd200000, 0x00000000ee500000)
  object space 36864K, 3% used [0x00000000cae00000,0x00000000caf47cc8,0x00000000cd200000)
 Metaspace       used 6673K, capacity 6758K, committed 7040K, reserved 1056768K
  class space    used 810K, capacity 820K, committed 896K, reserved 1048576K
}
Event: 2,104 GC heap before
{Heap before GC invocations=4 (full 0):
 PSYoungGen      total 16384K, used 16364K [0x00000000ee500000, 0x00000000f0500000, 0x0000000100000000)
  eden space 14336K, 100% used [0x00000000ee500000,0x00000000ef300000,0x00000000ef300000)
  from space 2048K, 99% used [0x00000000ef300000,0x00000000ef4fb378,0x00000000ef500000)
  to   space 2048K, 0% used [0x00000000f0300000,0x00000000f0300000,0x00000000f0500000)
 ParOldGen       total 36864K, used 1311K [0x00000000cae00000, 0x00000000cd200000, 0x00000000ee500000)
  object space 36864K, 3% used [0x00000000cae00000,0x00000000caf47cc8,0x00000000cd200000)
 Metaspace       used 11095K, capacity 11338K, committed 11520K, reserved 1058816K
  class space    used 1402K, capacity 1470K, committed 1536K, reserved 1048576K
Event: 2,120 GC heap after
Heap after GC invocations=4 (full 0):
 PSYoungGen      total 30720K, used 2044K [0x00000000ee500000, 0x00000000f0500000, 0x0000000100000000)
  eden space 28672K, 0% used [0x00000000ee500000,0x00000000ee500000,0x00000000f0100000)
  from space 2048K, 99% used [0x00000000f0300000,0x00000000f04ff198,0x00000000f0500000)
  to   space 2048K, 0% used [0x00000000f0100000,0x00000000f0100000,0x00000000f0300000)
 ParOldGen       total 36864K, used 3023K [0x00000000cae00000, 0x00000000cd200000, 0x00000000ee500000)
  object space 36864K, 8% used [0x00000000cae00000,0x00000000cb0f3f58,0x00000000cd200000)
 Metaspace       used 11095K, capacity 11338K, committed 11520K, reserved 1058816K
  class space    used 1402K, capacity 1470K, committed 1536K, reserved 1048576K
}
Event: 3,369 GC heap before
{Heap before GC invocations=5 (full 0):
 PSYoungGen      total 30720K, used 30716K [0x00000000ee500000, 0x00000000f0500000, 0x0000000100000000)
  eden space 28672K, 100% used [0x00000000ee500000,0x00000000f0100000,0x00000000f0100000)
  from space 2048K, 99% used [0x00000000f0300000,0x00000000f04ff198,0x00000000f0500000)
  to   space 2048K, 0% used [0x00000000f0100000,0x00000000f0100000,0x00000000f0300000)
 ParOldGen       total 36864K, used 3023K [0x00000000cae00000, 0x00000000cd200000, 0x00000000ee500000)
  object space 36864K, 8% used [0x00000000cae00000,0x00000000cb0f3f58,0x00000000cd200000)
 Metaspace       used 19401K, capacity 19686K, committed 19840K, reserved 1067008K
  class space    used 2599K, capacity 2686K, committed 2688K, reserved 1048576K
Event: 3,378 GC heap after
Heap after GC invocations=5 (full 0):
 PSYoungGen      total 30720K, used 2037K [0x00000000ee500000, 0x00000000f2b00000, 0x0000000100000000)
  eden space 28672K, 0% used [0x00000000ee500000,0x00000000ee500000,0x00000000f0100000)
  from space 2048K, 99% used [0x00000000f0100000,0x00000000f02fd658,0x00000000f0300000)
  to   space 7168K, 0% used [0x00000000f2400000,0x00000000f2400000,0x00000000f2b00000)
 ParOldGen       total 36864K, used 7262K [0x00000000cae00000, 0x00000000cd200000, 0x00000000ee500000)
  object space 36864K, 19% used [0x00000000cae00000,0x00000000cb517a68,0x00000000cd200000)
 Metaspace       used 19401K, capacity 19686K, committed 19840K, reserved 1067008K
  class space    used 2599K, capacity 2686K, committed 2688K, reserved 1048576K
}
Event: 3,619 GC heap before
{Heap before GC invocations=6 (full 0):
 PSYoungGen      total 30720K, used 11209K [0x00000000ee500000, 0x00000000f2b00000, 0x0000000100000000)
  eden space 28672K, 31% used [0x00000000ee500000,0x00000000eedf5138,0x00000000f0100000)
  from space 2048K, 99% used [0x00000000f0100000,0x00000000f02fd658,0x00000000f0300000)
  to   space 7168K, 0% used [0x00000000f2400000,0x00000000f2400000,0x00000000f2b00000)
 ParOldGen       total 36864K, used 7262K [0x00000000cae00000, 0x00000000cd200000, 0x00000000ee500000)
  object space 36864K, 19% used [0x00000000cae00000,0x00000000cb517a68,0x00000000cd200000)
 Metaspace       used 20770K, capacity 21030K, committed 21296K, reserved 1067008K
  class space    used 2783K, capacity 2862K, committed 2944K, reserved 1048576K
Event: 3,627 GC heap after
Heap after GC invocations=6 (full 0):
 PSYoungGen      total 63488K, used 3278K [0x00000000ee500000, 0x00000000f2a00000, 0x0000000100000000)
  eden space 57344K, 0% used [0x00000000ee500000,0x00000000ee500000,0x00000000f1d00000)
  from space 6144K, 53% used [0x00000000f2400000,0x00000000f2733bb0,0x00000000f2a00000)
  to   space 6656K, 0% used [0x00000000f1d00000,0x00000000f1d00000,0x00000000f2380000)
 ParOldGen       total 36864K, used 7270K [0x00000000cae00000, 0x00000000cd200000, 0x00000000ee500000)
  object space 36864K, 19% used [0x00000000cae00000,0x00000000cb519a68,0x00000000cd200000)
 Metaspace       used 20770K, capacity 21030K, committed 21296K, reserved 1067008K
  class space    used 2783K, capacity 2862K, committed 2944K, reserved 1048576K
}
Event: 3,627 GC heap before
{Heap before GC invocations=7 (full 1):
 PSYoungGen      total 63488K, used 3278K [0x00000000ee500000, 0x00000000f2a00000, 0x0000000100000000)
  eden space 57344K, 0% used [0x00000000ee500000,0x00000000ee500000,0x00000000f1d00000)
  from space 6144K, 53% used [0x00000000f2400000,0x00000000f2733bb0,0x00000000f2a00000)
  to   space 6656K, 0% used [0x00000000f1d00000,0x00000000f1d00000,0x00000000f2380000)
 ParOldGen       total 36864K, used 7270K [0x00000000cae00000, 0x00000000cd200000, 0x00000000ee500000)
  object space 36864K, 19% used [0x00000000cae00000,0x00000000cb519a68,0x00000000cd200000)
 Metaspace       used 20770K, capacity 21030K, committed 21296K, reserved 1067008K
  class space    used 2783K, capacity 2862K, committed 2944K, reserved 1048576K
Event: 3,669 GC heap after
Heap after GC invocations=7 (full 1):
 PSYoungGen      total 63488K, used 0K [0x00000000ee500000, 0x00000000f2a00000, 0x0000000100000000)
  eden space 57344K, 0% used [0x00000000ee500000,0x00000000ee500000,0x00000000f1d00000)
  from space 6144K, 0% used [0x00000000f2400000,0x00000000f2400000,0x00000000f2a00000)
  to   space 6656K, 0% used [0x00000000f1d00000,0x00000000f1d00000,0x00000000f2380000)
 ParOldGen       total 32256K, used 7666K [0x00000000cae00000, 0x00000000ccd80000, 0x00000000ee500000)
  object space 32256K, 23% used [0x00000000cae00000,0x00000000cb57c908,0x00000000ccd80000)
 Metaspace       used 20770K, capacity 21030K, committed 21296K, reserved 1067008K
  class space    used 2783K, capacity 2862K, committed 2944K, reserved 1048576K
}
Event: 45,705 GC heap before
{Heap before GC invocations=8 (full 1):
 PSYoungGen      total 63488K, used 57344K [0x00000000ee500000, 0x00000000f2a00000, 0x0000000100000000)
  eden space 57344K, 100% used [0x00000000ee500000,0x00000000f1d00000,0x00000000f1d00000)
  from space 6144K, 0% used [0x00000000f2400000,0x00000000f2400000,0x00000000f2a00000)
  to   space 6656K, 0% used [0x00000000f1d00000,0x00000000f1d00000,0x00000000f2380000)
 ParOldGen       total 32256K, used 7666K [0x00000000cae00000, 0x00000000ccd80000, 0x00000000ee500000)
  object space 32256K, 23% used [0x00000000cae00000,0x00000000cb57c908,0x00000000ccd80000)
 Metaspace       used 27860K, capacity 28150K, committed 28672K, reserved 1075200K
  class space    used 3707K, capacity 3806K, committed 3840K, reserved 1048576K

